install
+- install example-ha
   +- compile exe example-ha Debug native 1 errors
src\gpu\memory_pool_advanced.zig:468:37: error: unused function parameter
    fn calculateBucketFragmentation(self: *const AdvancedMemoryPool, bucket: *const SizeClassBucket) f64 {
                                    ^~~~
error: 1 compilation errors
failed command: "C:\\Users\\donald\\AppData\\Roaming\\Antigravity\\User\\globalStorage\\ziglang.vscode-zig\\zig\\x86_64-windows-0.16.0-dev.2290+200fb7c2a\\zig.exe" build-exe -ODebug --dep abi "-Mroot=C:\\Users\\donald\\abi\\examples\\ha.zig" -ODebug --dep build_options "-Mabi=C:\\Users\\donald\\abi\\src\\abi.zig" "-Mbuild_options=.zig-cache\\c\\d33b1e3ee6c253a1f2b6e21a10bd9202\\options.zig" -lc --cache-dir .zig-cache --global-cache-dir "C:\\Users\\donald\\AppData\\Local\\zig" --name example-ha --zig-lib-dir "C:\\Users\\donald\\AppData\\Roaming\\Antigravity\\User\\globalStorage\\ziglang.vscode-zig\\zig\\x86_64-windows-0.16.0-dev.2290+200fb7c2a\\lib\\" --listen=-

install
+- install example-discord
   +- compile exe example-discord Debug native 1 errors
src\gpu\memory_pool_advanced.zig:468:37: error: unused function parameter
    fn calculateBucketFragmentation(self: *const AdvancedMemoryPool, bucket: *const SizeClassBucket) f64 {
                                    ^~~~
error: 1 compilation errors
failed command: "C:\\Users\\donald\\AppData\\Roaming\\Antigravity\\User\\globalStorage\\ziglang.vscode-zig\\zig\\x86_64-windows-0.16.0-dev.2290+200fb7c2a\\zig.exe" build-exe -ODebug --dep abi "-Mroot=C:\\Users\\donald\\abi\\examples\\discord.zig" -ODebug --dep build_options "-Mabi=C:\\Users\\donald\\abi\\src\\abi.zig" "-Mbuild_options=.zig-cache\\c\\d33b1e3ee6c253a1f2b6e21a10bd9202\\options.zig" -lc --cache-dir .zig-cache --global-cache-dir "C:\\Users\\donald\\AppData\\Local\\zig" --name example-discord --zig-lib-dir "C:\\Users\\donald\\AppData\\Roaming\\Antigravity\\User\\globalStorage\\ziglang.vscode-zig\\zig\\x86_64-windows-0.16.0-dev.2290+200fb7c2a\\lib\\" --listen=-

install
+- install example-compute
   +- compile exe example-compute Debug native 1 errors
src\gpu\memory_pool_advanced.zig:468:37: error: unused function parameter
    fn calculateBucketFragmentation(self: *const AdvancedMemoryPool, bucket: *const SizeClassBucket) f64 {
                                    ^~~~
error: 1 compilation errors
failed command: "C:\\Users\\donald\\AppData\\Roaming\\Antigravity\\User\\globalStorage\\ziglang.vscode-zig\\zig\\x86_64-windows-0.16.0-dev.2290+200fb7c2a\\zig.exe" build-exe -ODebug --dep abi "-Mroot=C:\\Users\\donald\\abi\\examples\\compute.zig" -ODebug --dep build_options "-Mabi=C:\\Users\\donald\\abi\\src\\abi.zig" "-Mbuild_options=.zig-cache\\c\\d33b1e3ee6c253a1f2b6e21a10bd9202\\options.zig" -lc --cache-dir .zig-cache --global-cache-dir "C:\\Users\\donald\\AppData\\Local\\zig" --name example-compute --zig-lib-dir "C:\\Users\\donald\\AppData\\Roaming\\Antigravity\\User\\globalStorage\\ziglang.vscode-zig\\zig\\x86_64-windows-0.16.0-dev.2290+200fb7c2a\\lib\\" --listen=-

install
+- install abi-profile
   +- compile exe abi-profile ReleaseFast native 2 errors
src\gpu\memory_pool_advanced.zig:468:37: error: unused function parameter
    fn calculateBucketFragmentation(self: *const AdvancedMemoryPool, bucket: *const SizeClassBucket) f64 {
                                    ^~~~
src\ai\training\logging.zig:168:48: error: missing struct field: block_size
            error.Streaming => std.Io.File.Stat{
                               ~~~~~~~~~~~~~~~~^
C:\Users\donald\AppData\Roaming\Antigravity\User\globalStorage\ziglang.vscode-zig\zig\x86_64-windows-0.16.0-dev.2290+200fb7c2a\lib\std\Io\File.zig:41:18: note: struct declared here
pub const Stat = struct {
                 ^~~~~~
referenced by:
    init: src\ai\training\logging.zig:46:48
    init: src\ai\training\llm_trainer.zig:251:53
    8 reference(s) hidden; use '-freference-trace=10' to see all references
error: 2 compilation errors
failed command: "C:\\Users\\donald\\AppData\\Roaming\\Antigravity\\User\\globalStorage\\ziglang.vscode-zig\\zig\\x86_64-windows-0.16.0-dev.2290+200fb7c2a\\zig.exe" build-exe -OReleaseFast --dep abi --dep cli "-Mroot=C:\\Users\\donald\\abi\\tools\\cli\\main.zig" -ODebug --dep build_options "-Mabi=C:\\Users\\donald\\abi\\src\\abi.zig" -ODebug --dep abi "-Mcli=C:\\Users\\donald\\abi\\tools\\cli\\mod.zig" "-Mbuild_options=.zig-cache\\c\\d33b1e3ee6c253a1f2b6e21a10bd9202\\options.zig" -lc --cache-dir .zig-cache --global-cache-dir "C:\\Users\\donald\\AppData\\Local\\zig" --name abi-profile --zig-lib-dir "C:\\Users\\donald\\AppData\\Roaming\\Antigravity\\User\\globalStorage\\ziglang.vscode-zig\\zig\\x86_64-windows-0.16.0-dev.2290+200fb7c2a\\lib\\" --listen=-

install
+- install example-orchestration
   +- compile exe example-orchestration Debug native 1 errors
src\gpu\memory_pool_advanced.zig:468:37: error: unused function parameter
    fn calculateBucketFragmentation(self: *const AdvancedMemoryPool, bucket: *const SizeClassBucket) f64 {
                                    ^~~~
error: 1 compilation errors
failed command: "C:\\Users\\donald\\AppData\\Roaming\\Antigravity\\User\\globalStorage\\ziglang.vscode-zig\\zig\\x86_64-windows-0.16.0-dev.2290+200fb7c2a\\zig.exe" build-exe -ODebug --dep abi "-Mroot=C:\\Users\\donald\\abi\\examples\\orchestration.zig" -ODebug --dep build_options "-Mabi=C:\\Users\\donald\\abi\\src\\abi.zig" "-Mbuild_options=.zig-cache\\c\\d33b1e3ee6c253a1f2b6e21a10bd9202\\options.zig" -lc --cache-dir .zig-cache --global-cache-dir "C:\\Users\\donald\\AppData\\Local\\zig" --name example-orchestration --zig-lib-dir "C:\\Users\\donald\\AppData\\Roaming\\Antigravity\\User\\globalStorage\\ziglang.vscode-zig\\zig\\x86_64-windows-0.16.0-dev.2290+200fb7c2a\\lib\\" --listen=-

install
+- install example-training
   +- compile exe example-training Debug native 1 errors
src\gpu\memory_pool_advanced.zig:468:37: error: unused function parameter
    fn calculateBucketFragmentation(self: *const AdvancedMemoryPool, bucket: *const SizeClassBucket) f64 {
                                    ^~~~
error: 1 compilation errors
failed command: "C:\\Users\\donald\\AppData\\Roaming\\Antigravity\\User\\globalStorage\\ziglang.vscode-zig\\zig\\x86_64-windows-0.16.0-dev.2290+200fb7c2a\\zig.exe" build-exe -ODebug --dep abi "-Mroot=C:\\Users\\donald\\abi\\examples\\training.zig" -ODebug --dep build_options "-Mabi=C:\\Users\\donald\\abi\\src\\abi.zig" "-Mbuild_options=.zig-cache\\c\\d33b1e3ee6c253a1f2b6e21a10bd9202\\options.zig" -lc --cache-dir .zig-cache --global-cache-dir "C:\\Users\\donald\\AppData\\Local\\zig" --name example-training --zig-lib-dir "C:\\Users\\donald\\AppData\\Roaming\\Antigravity\\User\\globalStorage\\ziglang.vscode-zig\\zig\\x86_64-windows-0.16.0-dev.2290+200fb7c2a\\lib\\" --listen=-

install
+- install example-hello
   +- compile exe example-hello Debug native 1 errors
src\gpu\memory_pool_advanced.zig:468:37: error: unused function parameter
    fn calculateBucketFragmentation(self: *const AdvancedMemoryPool, bucket: *const SizeClassBucket) f64 {
                                    ^~~~
error: 1 compilation errors
failed command: "C:\\Users\\donald\\AppData\\Roaming\\Antigravity\\User\\globalStorage\\ziglang.vscode-zig\\zig\\x86_64-windows-0.16.0-dev.2290+200fb7c2a\\zig.exe" build-exe -ODebug --dep abi "-Mroot=C:\\Users\\donald\\abi\\examples\\hello.zig" -ODebug --dep build_options "-Mabi=C:\\Users\\donald\\abi\\src\\abi.zig" "-Mbuild_options=.zig-cache\\c\\d33b1e3ee6c253a1f2b6e21a10bd9202\\options.zig" -lc --cache-dir .zig-cache --global-cache-dir "C:\\Users\\donald\\AppData\\Local\\zig" --name example-hello --zig-lib-dir "C:\\Users\\donald\\AppData\\Roaming\\Antigravity\\User\\globalStorage\\ziglang.vscode-zig\\zig\\x86_64-windows-0.16.0-dev.2290+200fb7c2a\\lib\\" --listen=-

install
+- install example-agent
   +- compile exe example-agent Debug native 1 errors
src\gpu\memory_pool_advanced.zig:468:37: error: unused function parameter
    fn calculateBucketFragmentation(self: *const AdvancedMemoryPool, bucket: *const SizeClassBucket) f64 {
                                    ^~~~
error: 1 compilation errors
failed command: "C:\\Users\\donald\\AppData\\Roaming\\Antigravity\\User\\globalStorage\\ziglang.vscode-zig\\zig\\x86_64-windows-0.16.0-dev.2290+200fb7c2a\\zig.exe" build-exe -ODebug --dep abi "-Mroot=C:\\Users\\donald\\abi\\examples\\agent.zig" -ODebug --dep build_options "-Mabi=C:\\Users\\donald\\abi\\src\\abi.zig" "-Mbuild_options=.zig-cache\\c\\d33b1e3ee6c253a1f2b6e21a10bd9202\\options.zig" -lc --cache-dir .zig-cache --global-cache-dir "C:\\Users\\donald\\AppData\\Local\\zig" --name example-agent --zig-lib-dir "C:\\Users\\donald\\AppData\\Roaming\\Antigravity\\User\\globalStorage\\ziglang.vscode-zig\\zig\\x86_64-windows-0.16.0-dev.2290+200fb7c2a\\lib\\" --listen=-

install
+- install example-gpu
   +- compile exe example-gpu Debug native 1 errors
src\gpu\memory_pool_advanced.zig:468:37: error: unused function parameter
    fn calculateBucketFragmentation(self: *const AdvancedMemoryPool, bucket: *const SizeClassBucket) f64 {
                                    ^~~~
error: 1 compilation errors
failed command: "C:\\Users\\donald\\AppData\\Roaming\\Antigravity\\User\\globalStorage\\ziglang.vscode-zig\\zig\\x86_64-windows-0.16.0-dev.2290+200fb7c2a\\zig.exe" build-exe -ODebug --dep abi "-Mroot=C:\\Users\\donald\\abi\\examples\\gpu.zig" -ODebug --dep build_options "-Mabi=C:\\Users\\donald\\abi\\src\\abi.zig" "-Mbuild_options=.zig-cache\\c\\d33b1e3ee6c253a1f2b6e21a10bd9202\\options.zig" -lc --cache-dir .zig-cache --global-cache-dir "C:\\Users\\donald\\AppData\\Local\\zig" --name example-gpu --zig-lib-dir "C:\\Users\\donald\\AppData\\Roaming\\Antigravity\\User\\globalStorage\\ziglang.vscode-zig\\zig\\x86_64-windows-0.16.0-dev.2290+200fb7c2a\\lib\\" --listen=-

install
+- install example-llm
   +- compile exe example-llm Debug native 1 errors
src\gpu\memory_pool_advanced.zig:468:37: error: unused function parameter
    fn calculateBucketFragmentation(self: *const AdvancedMemoryPool, bucket: *const SizeClassBucket) f64 {
                                    ^~~~
error: 1 compilation errors
failed command: "C:\\Users\\donald\\AppData\\Roaming\\Antigravity\\User\\globalStorage\\ziglang.vscode-zig\\zig\\x86_64-windows-0.16.0-dev.2290+200fb7c2a\\zig.exe" build-exe -ODebug --dep abi "-Mroot=C:\\Users\\donald\\abi\\examples\\llm.zig" -ODebug --dep build_options "-Mabi=C:\\Users\\donald\\abi\\src\\abi.zig" "-Mbuild_options=.zig-cache\\c\\d33b1e3ee6c253a1f2b6e21a10bd9202\\options.zig" -lc --cache-dir .zig-cache --global-cache-dir "C:\\Users\\donald\\AppData\\Local\\zig" --name example-llm --zig-lib-dir "C:\\Users\\donald\\AppData\\Roaming\\Antigravity\\User\\globalStorage\\ziglang.vscode-zig\\zig\\x86_64-windows-0.16.0-dev.2290+200fb7c2a\\lib\\" --listen=-

install
+- install example-train-demo
   +- compile exe example-train-demo Debug native 2 errors
src\gpu\memory_pool_advanced.zig:468:37: error: unused function parameter
    fn calculateBucketFragmentation(self: *const AdvancedMemoryPool, bucket: *const SizeClassBucket) f64 {
                                    ^~~~
src\ai\training\logging.zig:168:48: error: missing struct field: block_size
            error.Streaming => std.Io.File.Stat{
                               ~~~~~~~~~~~~~~~~^
C:\Users\donald\AppData\Roaming\Antigravity\User\globalStorage\ziglang.vscode-zig\zig\x86_64-windows-0.16.0-dev.2290+200fb7c2a\lib\std\Io\File.zig:41:18: note: struct declared here
pub const Stat = struct {
                 ^~~~~~
referenced by:
    init: src\ai\training\logging.zig:46:48
    init: src\ai\training\llm_trainer.zig:251:53
    5 reference(s) hidden; use '-freference-trace=7' to see all references
error: 2 compilation errors
failed command: "C:\\Users\\donald\\AppData\\Roaming\\Antigravity\\User\\globalStorage\\ziglang.vscode-zig\\zig\\x86_64-windows-0.16.0-dev.2290+200fb7c2a\\zig.exe" build-exe -ODebug --dep abi "-Mroot=C:\\Users\\donald\\abi\\examples\\training\\train_demo.zig" -ODebug --dep build_options "-Mabi=C:\\Users\\donald\\abi\\src\\abi.zig" "-Mbuild_options=.zig-cache\\c\\d33b1e3ee6c253a1f2b6e21a10bd9202\\options.zig" -lc --cache-dir .zig-cache --global-cache-dir "C:\\Users\\donald\\AppData\\Local\\zig" --name example-train-demo --zig-lib-dir "C:\\Users\\donald\\AppData\\Roaming\\Antigravity\\User\\globalStorage\\ziglang.vscode-zig\\zig\\x86_64-windows-0.16.0-dev.2290+200fb7c2a\\lib\\" --listen=-

install
+- install example-database
   +- compile exe example-database Debug native 1 errors
src\gpu\memory_pool_advanced.zig:468:37: error: unused function parameter
    fn calculateBucketFragmentation(self: *const AdvancedMemoryPool, bucket: *const SizeClassBucket) f64 {
                                    ^~~~
error: 1 compilation errors
failed command: "C:\\Users\\donald\\AppData\\Roaming\\Antigravity\\User\\globalStorage\\ziglang.vscode-zig\\zig\\x86_64-windows-0.16.0-dev.2290+200fb7c2a\\zig.exe" build-exe -ODebug --dep abi "-Mroot=C:\\Users\\donald\\abi\\examples\\database.zig" -ODebug --dep build_options "-Mabi=C:\\Users\\donald\\abi\\src\\abi.zig" "-Mbuild_options=.zig-cache\\c\\d33b1e3ee6c253a1f2b6e21a10bd9202\\options.zig" -lc --cache-dir .zig-cache --global-cache-dir "C:\\Users\\donald\\AppData\\Local\\zig" --name example-database --zig-lib-dir "C:\\Users\\donald\\AppData\\Roaming\\Antigravity\\User\\globalStorage\\ziglang.vscode-zig\\zig\\x86_64-windows-0.16.0-dev.2290+200fb7c2a\\lib\\" --listen=-

install
+- install benchmarks
   +- compile exe benchmarks ReleaseFast native 1 errors
src\gpu\memory_pool_advanced.zig:468:37: error: unused function parameter
    fn calculateBucketFragmentation(self: *const AdvancedMemoryPool, bucket: *const SizeClassBucket) f64 {
                                    ^~~~
error: 1 compilation errors
failed command: "C:\\Users\\donald\\AppData\\Roaming\\Antigravity\\User\\globalStorage\\ziglang.vscode-zig\\zig\\x86_64-windows-0.16.0-dev.2290+200fb7c2a\\zig.exe" build-exe -OReleaseFast --dep abi "-Mroot=C:\\Users\\donald\\abi\\benchmarks\\run.zig" -ODebug --dep build_options "-Mabi=C:\\Users\\donald\\abi\\src\\abi.zig" "-Mbuild_options=.zig-cache\\c\\d33b1e3ee6c253a1f2b6e21a10bd9202\\options.zig" -lc --cache-dir .zig-cache --global-cache-dir "C:\\Users\\donald\\AppData\\Local\\zig" --name benchmarks --zig-lib-dir "C:\\Users\\donald\\AppData\\Roaming\\Antigravity\\User\\globalStorage\\ziglang.vscode-zig\\zig\\x86_64-windows-0.16.0-dev.2290+200fb7c2a\\lib\\" --listen=-

install
+- install example-network
   +- compile exe example-network Debug native 1 errors
src\gpu\memory_pool_advanced.zig:468:37: error: unused function parameter
    fn calculateBucketFragmentation(self: *const AdvancedMemoryPool, bucket: *const SizeClassBucket) f64 {
                                    ^~~~
error: 1 compilation errors
failed command: "C:\\Users\\donald\\AppData\\Roaming\\Antigravity\\User\\globalStorage\\ziglang.vscode-zig\\zig\\x86_64-windows-0.16.0-dev.2290+200fb7c2a\\zig.exe" build-exe -ODebug --dep abi "-Mroot=C:\\Users\\donald\\abi\\examples\\network.zig" -ODebug --dep build_options "-Mabi=C:\\Users\\donald\\abi\\src\\abi.zig" "-Mbuild_options=.zig-cache\\c\\d33b1e3ee6c253a1f2b6e21a10bd9202\\options.zig" -lc --cache-dir .zig-cache --global-cache-dir "C:\\Users\\donald\\AppData\\Local\\zig" --name example-network --zig-lib-dir "C:\\Users\\donald\\AppData\\Roaming\\Antigravity\\User\\globalStorage\\ziglang.vscode-zig\\zig\\x86_64-windows-0.16.0-dev.2290+200fb7c2a\\lib\\" --listen=-

install
+- install abi
   +- compile exe abi Debug native 2 errors
src\gpu\memory_pool_advanced.zig:468:37: error: unused function parameter
    fn calculateBucketFragmentation(self: *const AdvancedMemoryPool, bucket: *const SizeClassBucket) f64 {
                                    ^~~~
src\ai\training\logging.zig:168:48: error: missing struct field: block_size
            error.Streaming => std.Io.File.Stat{
                               ~~~~~~~~~~~~~~~~^
C:\Users\donald\AppData\Roaming\Antigravity\User\globalStorage\ziglang.vscode-zig\zig\x86_64-windows-0.16.0-dev.2290+200fb7c2a\lib\std\Io\File.zig:41:18: note: struct declared here
pub const Stat = struct {
                 ^~~~~~
referenced by:
    init: src\ai\training\logging.zig:46:48
    init: src\ai\training\llm_trainer.zig:251:53
    8 reference(s) hidden; use '-freference-trace=10' to see all references
error: 2 compilation errors
failed command: "C:\\Users\\donald\\AppData\\Roaming\\Antigravity\\User\\globalStorage\\ziglang.vscode-zig\\zig\\x86_64-windows-0.16.0-dev.2290+200fb7c2a\\zig.exe" build-exe -ODebug --dep abi --dep cli "-Mroot=C:\\Users\\donald\\abi\\tools\\cli\\main.zig" -ODebug --dep build_options "-Mabi=C:\\Users\\donald\\abi\\src\\abi.zig" -ODebug --dep abi "-Mcli=C:\\Users\\donald\\abi\\tools\\cli\\mod.zig" "-Mbuild_options=.zig-cache\\c\\d33b1e3ee6c253a1f2b6e21a10bd9202\\options.zig" -lc --cache-dir .zig-cache --global-cache-dir "C:\\Users\\donald\\AppData\\Local\\zig" --name abi --zig-lib-dir "C:\\Users\\donald\\AppData\\Roaming\\Antigravity\\User\\globalStorage\\ziglang.vscode-zig\\zig\\x86_64-windows-0.16.0-dev.2290+200fb7c2a\\lib\\" --listen=-

Build Summary: 4/35 steps succeeded (15 failed)
install transitive failure
+- install abi transitive failure
|  +- compile exe abi Debug native 2 errors
+- install example-hello transitive failure
|  +- compile exe example-hello Debug native 1 errors
+- install example-database transitive failure
|  +- compile exe example-database Debug native 1 errors
+- install example-agent transitive failure
|  +- compile exe example-agent Debug native 1 errors
+- install example-gpu transitive failure
|  +- compile exe example-gpu Debug native 1 errors
+- install example-compute transitive failure
|  +- compile exe example-compute Debug native 1 errors
+- install example-network transitive failure
|  +- compile exe example-network Debug native 1 errors
+- install example-discord transitive failure
|  +- compile exe example-discord Debug native 1 errors
+- install example-llm transitive failure
|  +- compile exe example-llm Debug native 1 errors
+- install example-training transitive failure
|  +- compile exe example-training Debug native 1 errors
+- install example-ha transitive failure
|  +- compile exe example-ha Debug native 1 errors
+- install example-train-demo transitive failure
|  +- compile exe example-train-demo Debug native 2 errors
+- install example-orchestration transitive failure
|  +- compile exe example-orchestration Debug native 1 errors
+- install benchmarks transitive failure
|  +- compile exe benchmarks ReleaseFast native 1 errors
+- install abi-profile transitive failure
   +- compile exe abi-profile ReleaseFast native 2 errors

error: the following build command failed with exit code 1:
.zig-cache\o\2feec19864db760211b1c5a441d456ca\build.exe C:\Users\donald\AppData\Roaming\Antigravity\User\globalStorage\ziglang.vscode-zig\zig\x86_64-windows-0.16.0-dev.2290+200fb7c2a\zig.exe C:\Users\donald\AppData\Roaming\Antigravity\User\globalStorage\ziglang.vscode-zig\zig\x86_64-windows-0.16.0-dev.2290+200fb7c2a\lib C:\Users\donald\abi .zig-cache C:\Users\donald\AppData\Local\zig --seed 0x8d0dcf38 -Z52713e3542d491e4 -Denable-gpu=true -Denable-web=true -Denable-network=true -Denable-profiling=true
